mode: set
limiter/limiter/limiter.go:19.17,23.31 4 0
limiter/limiter/limiter.go:23.31,24.7 1 0
limiter/limiter/limiter.go:24.7,26.11 1 0
limiter/limiter/limiter.go:27.20,29.37 2 0
limiter/limiter/limiter.go:29.37,31.55 2 0
limiter/limiter/limiter.go:31.55,33.7 1 0
limiter/limiter/limiter.go:35.5,35.16 1 0
limiter/limiter/limiter.go:37.16,38.11 1 0
limiter/limiter/limiter.go:77.76,80.2 1 1
limiter/limiter/limiter.go:82.52,84.2 1 0
limiter/limiter/limiter.go:86.51,88.2 1 1
limiter/limiter/limiter.go:90.51,92.2 1 1
limiter/limiter/limiter.go:94.70,96.2 1 1
limiter/limiter/limiter.go:98.59,100.2 1 0
limiter/limiter/limiter.go:102.63,104.2 1 1
limiter/limiter/limiter.go:106.87,108.71 1 1
limiter/limiter/limiter.go:108.71,111.17 2 1
limiter/limiter/limiter.go:111.17,115.4 3 1
limiter/limiter/limiter.go:117.3,118.38 2 1
limiter/limiter/limiter.go:118.38,120.4 1 1
limiter/limiter/limiter.go:121.3,123.27 2 1
limiter/limiter/limiter.go:123.27,135.4 6 1
limiter/limiter/limiter.go:136.3,137.13 2 1
limiter/limiter/limiter.go:142.20,144.16 2 1
limiter/limiter/limiter.go:144.16,148.3 3 0
limiter/limiter/limiter.go:149.2,149.37 1 1
limiter/limiter/limiter.go:149.37,151.3 1 0
